<?xml version="1.0" encoding="UTF-8"?>
<testsuites tests="4" failures="3" errors="3" skipped="0">
  <testsuite name="BackstopJS" tests="4" failures="3" errors="3" skipped="0">
    <testcase classname="document" name=" ›› Homepage">
      <failure message="Design deviation ›› Homepage (document) component"/>
      <error message="Design deviation ›› Homepage (document) component"/>
    </testcase>
    <testcase classname="document" name=" ›› Homepage">
      <failure message="Design deviation ›› Homepage (document) component"/>
      <error message="Design deviation ›› Homepage (document) component"/>
    </testcase>
    <testcase classname="document" name=" ›› Homepage">
      <failure message="Design deviation ›› Homepage (document) component"/>
      <error message="Design deviation ›› Homepage (document) component"/>
    </testcase>
    <testcase classname="document" name=" ›› Homepage"/>
  </testsuite>
</testsuites>